MATLAB is selecting SOFTWARE OPENGL rendering.

                            < M A T L A B (R) >
                  Copyright 1984-2017 The MathWorks, Inc.
                   R2017a (9.2.0.538062) 64-bit (glnxa64)
                             February 23, 2017

 
To get started, type one of these: helpwin, helpdesk, or demo.
For product information, visit www.mathworks.com.
 
Loading indices from /work/00921/biros/BRATS17/classification/training/models/BRATS_50M_Meta.idxs.mat

ans =

   1.0e+09 *

    9.6000    0.0000


trn_pscores =

  240×1 single column vector

   -0.0451
   -0.1136
   -0.1472
   -0.1192
   -0.0038
   -0.1237
   -0.1547
   -0.1169
   -0.1423
   -0.0928
   -0.1529
   -0.0780
   -0.0095
   -0.0116
   -0.0478
   -0.0436
   -0.0988
   -0.0425
   -0.0496
   -0.0266
   -0.0725
   -0.1030
   -0.0471
   -0.1023
    0.0551
    0.0674
    0.0534
    0.0496
   -0.0334
    0.0430
    0.0430
    0.0518
    0.0575
   -0.0001
    0.0808
   -0.0112
    0.1367
    0.1796
    0.1565
    0.1392
    0.1191
    0.1531
    0.1529
    0.1603
    0.2349
    0.1571
    0.2477
    0.1215
    0.1549
    0.1828
    0.2013
    0.2151
    0.2475
    0.2423
    0.2062
    0.1929
    0.2745
    0.2139
    0.3001
    0.1552
   -0.1397
   -0.2134
   -0.2129
   -0.1980
   -0.0395
   -0.1981
   -0.2106
   -0.2108
   -0.2509
   -0.2009
   -0.2508
   -0.1848
   -0.2070
   -0.2035
   -0.1946
   -0.1557
   -0.1635
   -0.1515
   -0.1889
   -0.2027
   -0.2925
   -0.2730
   -0.2679
   -0.2598
   -0.2791
   -0.2656
   -0.2342
   -0.1866
   -0.1994
   -0.1835
   -0.2332
   -0.2652
   -0.3878
   -0.3429
   -0.3461
   -0.3160
   -0.2907
   -0.2565
   -0.2294
   -0.1835
   -0.2089
   -0.1997
   -0.2357
   -0.2681
   -0.3761
   -0.3402
   -0.3537
   -0.3226
   -0.2591
   -0.2529
   -0.2172
   -0.2083
   -0.2396
   -0.2292
   -0.2309
   -0.2521
   -0.3837
   -0.3578
   -0.3251
   -0.3099
   -0.1143
   -0.1774
   -0.1948
   -0.1645
   -0.0354
   -0.1683
   -0.2077
   -0.1764
   -0.2165
   -0.1750
   -0.2196
   -0.1623
   -0.0090
   -0.0100
   -0.0147
   -0.0026
   -0.0550
   -0.0192
   -0.0181
   -0.0187
   -0.0296
   -0.0639
   -0.0101
   -0.0667
    0.0572
    0.0626
    0.0676
    0.0724
    0.0417
    0.0762
    0.0542
    0.0511
    0.0853
    0.0394
    0.1039
    0.0253
    0.0628
    0.1116
    0.1042
    0.1019
    0.1008
    0.1067
    0.0953
    0.0898
    0.1357
    0.0536
    0.1674
    0.0220
    0.0249
    0.0514
    0.0691
    0.0621
    0.0421
    0.0449
    0.0438
    0.0375
    0.0679
   -0.0567
    0.1462
   -0.1230
   -0.1650
   -0.2297
   -0.2165
   -0.2159
   -0.0788
   -0.2159
   -0.2205
   -0.2329
   -0.2756
   -0.2294
   -0.2731
   -0.2163
   -0.1899
   -0.1872
   -0.1721
   -0.1586
   -0.1693
   -0.1649
   -0.1844
   -0.1859
   -0.2753
   -0.2719
   -0.2419
   -0.2585
   -0.1604
   -0.1445
   -0.1420
   -0.1188
   -0.1251
   -0.1262
   -0.1507
   -0.1585
   -0.2127
   -0.2180
   -0.1896
   -0.2139
   -0.0651
   -0.0301
   -0.0468
   -0.0351
   -0.0356
   -0.0442
   -0.0599
   -0.0655
   -0.0753
   -0.1167
   -0.0428
   -0.1176
    0.0171
    0.0569
    0.0745
    0.0521
    0.0542
    0.0457
    0.0428
    0.0486
    0.0685
   -0.0122
    0.1175
   -0.0616


tst_pscores =

  240×1 single column vector

   -0.0482
   -0.1064
   -0.1246
   -0.0909
   -0.0016
   -0.0868
   -0.1055
   -0.1028
   -0.1170
   -0.0860
   -0.1204
   -0.0757
   -0.0243
   -0.0310
   -0.0386
   -0.0483
   -0.0623
   -0.0400
   -0.0537
   -0.0163
   -0.0651
   -0.0934
   -0.0412
   -0.0970
    0.0202
    0.0510
    0.0254
    0.0515
   -0.0133
    0.0298
    0.0346
    0.0446
    0.0465
   -0.0086
    0.0711
   -0.0209
    0.1001
    0.1477
    0.1111
    0.1069
    0.1133
    0.1170
    0.1458
    0.1409
    0.1999
    0.1210
    0.2181
    0.0894
    0.1284
    0.1441
    0.1451
    0.1691
    0.2267
    0.2308
    0.2119
    0.1840
    0.2583
    0.1844
    0.2892
    0.1121
   -0.1251
   -0.1799
   -0.1871
   -0.1629
   -0.0557
   -0.1612
   -0.1679
   -0.1854
   -0.2181
   -0.1953
   -0.2112
   -0.1859
   -0.1919
   -0.1822
   -0.1733
   -0.1372
   -0.1376
   -0.1384
   -0.1623
   -0.1833
   -0.2655
   -0.2628
   -0.2296
   -0.2572
   -0.2501
   -0.2492
   -0.2280
   -0.1773
   -0.1516
   -0.1458
   -0.1851
   -0.2291
   -0.3420
   -0.3087
   -0.3057
   -0.2919
   -0.2541
   -0.2229
   -0.2377
   -0.1602
   -0.1830
   -0.1615
   -0.1608
   -0.1985
   -0.3406
   -0.3137
   -0.2909
   -0.2939
   -0.2347
   -0.2530
   -0.2134
   -0.1919
   -0.2107
   -0.1688
   -0.1463
   -0.1818
   -0.3179
   -0.3142
   -0.2708
   -0.2805
   -0.0980
   -0.1436
   -0.1804
   -0.1341
   -0.0243
   -0.1322
   -0.1735
   -0.1549
   -0.1829
   -0.1499
   -0.1833
   -0.1367
    0.0171
    0.0160
    0.0117
    0.0000
   -0.0307
    0.0030
    0.0087
    0.0130
    0.0050
   -0.0370
    0.0250
   -0.0426
    0.0741
    0.0639
    0.0700
    0.0866
    0.0597
    0.0946
    0.0915
    0.1061
    0.1175
    0.0510
    0.1403
    0.0293
    0.0673
    0.0830
    0.0720
    0.0779
    0.0985
    0.1179
    0.1241
    0.1211
    0.1407
    0.0395
    0.1815
   -0.0010
   -0.0075
   -0.0192
   -0.0006
    0.0192
    0.0116
    0.0440
    0.0712
    0.0470
    0.0319
   -0.0839
    0.1157
   -0.1392
   -0.1668
   -0.2232
   -0.2030
   -0.1789
   -0.0637
   -0.1630
   -0.1795
   -0.2113
   -0.2468
   -0.2092
   -0.2376
   -0.1975
   -0.1735
   -0.1778
   -0.1871
   -0.1557
   -0.1485
   -0.1454
   -0.1586
   -0.1792
   -0.2579
   -0.2587
   -0.2271
   -0.2526
   -0.1587
   -0.1711
   -0.1711
   -0.1388
   -0.1219
   -0.1220
   -0.1305
   -0.1562
   -0.2304
   -0.2376
   -0.1986
   -0.2370
   -0.0923
   -0.0672
   -0.0775
   -0.0592
   -0.0327
   -0.0259
   -0.0365
   -0.0703
   -0.0936
   -0.1415
   -0.0544
   -0.1492
   -0.0001
   -0.0030
   -0.0013
   -0.0016
    0.0474
    0.0733
    0.0853
    0.0734
    0.0533
   -0.0368
    0.1065
   -0.0908

